<?xml version="1.0" encoding="UTF-8"?>
<!-- Generated by org.testng.reporters.JUnitXMLReporter -->
<testsuite ignored="0" hostname="Acer-Aspire-E5" failures="0" tests="2" name="Ecommerce End to End" time="58.939" errors="0" timestamp="2023-09-24T17:37:42 CEST">
  <testcase classname="testing_journey.Ecommerce_Cart_WebView" name="webViewValidation" time="20.107"/>
  <testcase classname="testing_journey.Ecommerce_Cart_WebView" name="webViewValidation" time="19.258"/>
</testsuite> <!-- Ecommerce End to End -->
