<?xml version="1.0" encoding="UTF-8"?>
<!-- Generated by org.testng.reporters.JUnitXMLReporter -->
<testsuite ignored="2" hostname="Acer-Aspire-E5" failures="0" tests="0" time="0.016" errors="0" timestamp="2023-09-24T17:36:43 CEST">
  <testcase classname="testing_journey.Ecommerce_Fill_Form" name="fillForm_ErrorValidation" time="0.0">
    <ignored/>
  </testcase> <!-- fillForm_ErrorValidation -->
  <testcase classname="testing_journey.Ecommerce_Fill_Form" name="fillForm_PositiveFlow" time="0.0">
    <ignored/>
  </testcase> <!-- fillForm_PositiveFlow -->
</testsuite>
