<?xml version="1.0" encoding="UTF-8"?>
<testng-results ignored="0" total="2" passed="2" failed="0" skipped="0">
  <reporter-output>
  </reporter-output>
  <suite started-at="2023-09-26T19:00:21 CEST" name="Default suite" finished-at="2023-09-26T19:01:12 CEST" duration-ms="51460">
    <groups>
      <group name="Smoke">
        <method signature="Ecommerce_Cart_WebView.webViewValidation(java.util.HashMap)[pri:0, instance:testing_journey.Ecommerce_Cart_WebView@7ce026d3]" name="webViewValidation" class="testing_journey.Ecommerce_Cart_WebView"/>
      </group> <!-- Smoke -->
    </groups>
    <test started-at="2023-09-26T19:00:21 CEST" name="Default test" finished-at="2023-09-26T19:01:12 CEST" duration-ms="51460">
      <class name="testing_journey.Ecommerce_Cart_WebView">
        <test-method is-config="true" signature="setupAppium()[pri:0, instance:testing_journey.Ecommerce_Cart_WebView@7ce026d3]" started-at="2023-09-26T19:00:21 CEST" name="setupAppium" finished-at="2023-09-26T19:00:29 CEST" duration-ms="8321" status="PASS">
          <reporter-output>
          </reporter-output>
        </test-method> <!-- setupAppium -->
        <test-method is-config="true" signature="preSetup()[pri:0, instance:testing_journey.Ecommerce_Cart_WebView@7ce026d3]" started-at="2023-09-26T19:00:29 CEST" name="preSetup" finished-at="2023-09-26T19:00:30 CEST" duration-ms="1216" status="PASS">
          <reporter-output>
          </reporter-output>
        </test-method> <!-- preSetup -->
        <test-method signature="webViewValidation(java.util.HashMap)[pri:0, instance:testing_journey.Ecommerce_Cart_WebView@7ce026d3]" started-at="2023-09-26T19:00:30 CEST" name="webViewValidation" data-provider="getData" finished-at="2023-09-26T19:00:50 CEST" duration-ms="19543" status="PASS">
          <params>
            <param index="0">
              <value>
                <![CDATA[{name=Elena, country=Argentina, gender=female}]]>
              </value>
            </param>
          </params>
          <reporter-output>
          </reporter-output>
        </test-method> <!-- webViewValidation -->
        <test-method is-config="true" signature="preSetup()[pri:0, instance:testing_journey.Ecommerce_Cart_WebView@7ce026d3]" started-at="2023-09-26T19:00:50 CEST" name="preSetup" finished-at="2023-09-26T19:00:51 CEST" duration-ms="1040" status="PASS">
          <reporter-output>
          </reporter-output>
        </test-method> <!-- preSetup -->
        <test-method signature="webViewValidation(java.util.HashMap)[pri:0, instance:testing_journey.Ecommerce_Cart_WebView@7ce026d3]" started-at="2023-09-26T19:00:51 CEST" name="webViewValidation" data-provider="getData" finished-at="2023-09-26T19:01:12 CEST" duration-ms="20519" status="PASS">
          <params>
            <param index="0">
              <value>
                <![CDATA[{name=John, country=Argentina, gender=male}]]>
              </value>
            </param>
          </params>
          <reporter-output>
          </reporter-output>
        </test-method> <!-- webViewValidation -->
        <test-method is-config="true" signature="clearAppiumProcess()[pri:0, instance:testing_journey.Ecommerce_Cart_WebView@7ce026d3]" started-at="2023-09-26T19:01:12 CEST" name="clearAppiumProcess" finished-at="2023-09-26T19:01:12 CEST" duration-ms="502" status="PASS">
          <reporter-output>
          </reporter-output>
        </test-method> <!-- clearAppiumProcess -->
      </class> <!-- testing_journey.Ecommerce_Cart_WebView -->
    </test> <!-- Default test -->
  </suite> <!-- Default suite -->
</testng-results>
